<?xml version="1.0" encoding="MacRoman" standalone="no"?>
<!DOCTYPE log SYSTEM "logger.dtd">
<log>
<record>
  <date>2013-04-20T18:22:23</date>
  <millis>1366474943292</millis>
  <sequence>18</sequence>
  <logger>TestMenuItem</logger>
  <level>INFO</level>
  <class>java_util_logging_Logger$info</class>
  <method>call</method>
  <thread>10</thread>
  <message>... started a test</message>
</record>
<record>
  <date>2013-04-20T18:22:23</date>
  <millis>1366474943338</millis>
  <sequence>19</sequence>
  <logger>TestMenuItem</logger>
  <level>INFO</level>
  <class>java_util_logging_Logger$info</class>
  <method>call</method>
  <thread>10</thread>
  <message>... test1 ok</message>
</record>
<record>
  <date>2013-04-20T18:22:23</date>
  <millis>1366474943373</millis>
  <sequence>20</sequence>
  <logger>TestMenuItem</logger>
  <level>INFO</level>
  <class>java_util_logging_Logger$info</class>
  <method>call</method>
  <thread>10</thread>
  <message>... started a test</message>
</record>
<record>
  <date>2013-04-20T18:22:23</date>
  <millis>1366474943390</millis>
  <sequence>21</sequence>
  <logger>TestMenuItem</logger>
  <level>INFO</level>
  <class>java_util_logging_Logger$info</class>
  <method>call</method>
  <thread>10</thread>
  <message>... test2 ok</message>
</record>
<record>
  <date>2013-04-20T18:22:23</date>
  <millis>1366474943404</millis>
  <sequence>22</sequence>
  <logger>TestMenuItem</logger>
  <level>INFO</level>
  <class>java_util_logging_Logger$info</class>
  <method>call</method>
  <thread>10</thread>
  <message>... started a test</message>
</record>
<record>
  <date>2013-04-20T18:22:23</date>
  <millis>1366474943726</millis>
  <sequence>23</sequence>
  <logger>TestMenuItem</logger>
  <level>INFO</level>
  <class>java_util_logging_Logger$info</class>
  <method>call</method>
  <thread>10</thread>
  <message>... test3 ok</message>
</record>
<record>
  <date>2013-04-20T18:22:23</date>
  <millis>1366474943739</millis>
  <sequence>24</sequence>
  <logger>TestMenuItem</logger>
  <level>INFO</level>
  <class>java_util_logging_Logger$info</class>
  <method>call</method>
  <thread>10</thread>
  <message>... started a test</message>
</record>
<record>
  <date>2013-04-20T18:22:23</date>
  <millis>1366474943771</millis>
  <sequence>25</sequence>
  <logger>TestMenuItem</logger>
  <level>INFO</level>
  <class>java_util_logging_Logger$info</class>
  <method>call</method>
  <thread>10</thread>
  <message>... test4 ok</message>
</record>
<record>
  <date>2013-04-20T18:22:23</date>
  <millis>1366474943785</millis>
  <sequence>26</sequence>
  <logger>TestMenuItem</logger>
  <level>INFO</level>
  <class>java_util_logging_Logger$info</class>
  <method>call</method>
  <thread>10</thread>
  <message>... started a test</message>
</record>
<record>
  <date>2013-04-20T18:22:23</date>
  <millis>1366474943838</millis>
  <sequence>27</sequence>
  <logger>TestMenuItem</logger>
  <level>INFO</level>
  <class>java_util_logging_Logger$info</class>
  <method>call</method>
  <thread>10</thread>
  <message>menuKey=2  menuBIC=0  menuColumn=2   menuLine=2  menuColor=&lt;Red&gt;  menuShow=&lt;true&gt;  menuText=&lt;Fred&gt;  menuCommand=&lt;echo 'fred was here'&gt;  dialogTitle=&lt;this is a title&gt;  menuFileName=&lt;filename&gt;</message>
</record>
<record>
  <date>2013-04-20T18:22:23</date>
  <millis>1366474943897</millis>
  <sequence>28</sequence>
  <logger>TestMenuItem</logger>
  <level>INFO</level>
  <class>sun.reflect.NativeMethodAccessorImpl</class>
  <method>invoke0</method>
  <thread>10</thread>
  <message>ma size is 1 and has these menu items:</message>
</record>
</log>
